[2013-02-08 00:39:27] request.ERROR: Symfony\Component\HttpKernel\Exception\NotFoundHttpException: No route found for "GET /demo/hello/Atlas" (uncaught exception) at E:\Project\stormpathsymfony\vendor\symfony\symfony\src\Symfony\Component\HttpKernel\EventListener\RouterListener.php line 92 [] []
[2013-02-08 00:40:40] request.ERROR: Symfony\Component\HttpKernel\Exception\NotFoundHttpException: No route found for "GET /demo/hello/Atlas" (uncaught exception) at E:\Project\stormpathsymfony\vendor\symfony\symfony\src\Symfony\Component\HttpKernel\EventListener\RouterListener.php line 92 [] []
[2013-02-08 06:38:11] request.ERROR: Symfony\Component\HttpKernel\Exception\NotFoundHttpException: No route found for "GET /assets/css/bootstrap.min.css" (uncaught exception) at E:\Project\stormpathsymfony\app\cache\prod\classes.php line 5121 [] []
[2013-02-08 06:38:11] request.ERROR: Symfony\Component\HttpKernel\Exception\NotFoundHttpException: No route found for "GET /assets/js/bootstrap.min.js" (uncaught exception) at E:\Project\stormpathsymfony\app\cache\prod\classes.php line 5121 [] []
[2013-02-08 06:38:12] request.ERROR: Symfony\Component\HttpKernel\Exception\NotFoundHttpException: No route found for "GET /assets/img/favicon.ico" (uncaught exception) at E:\Project\stormpathsymfony\app\cache\prod\classes.php line 5121 [] []
[2013-02-08 06:40:36] request.ERROR: Symfony\Component\HttpKernel\Exception\NotFoundHttpException: No route found for "GET /assets/css/bootstrap.min.css" (uncaught exception) at E:\Project\stormpathsymfony\app\cache\prod\classes.php line 5121 [] []
[2013-02-08 06:40:36] request.ERROR: Symfony\Component\HttpKernel\Exception\NotFoundHttpException: No route found for "GET /assets/js/bootstrap.min.js" (uncaught exception) at E:\Project\stormpathsymfony\app\cache\prod\classes.php line 5121 [] []
[2013-02-08 06:54:36] request.ERROR: Symfony\Component\HttpKernel\Exception\NotFoundHttpException: No route found for "GET /assets/js/bootstrap.min.js" (uncaught exception) at E:\Project\stormpathsymfony\app\cache\prod\classes.php line 5121 [] []
[2013-02-08 06:54:36] request.ERROR: Symfony\Component\HttpKernel\Exception\NotFoundHttpException: No route found for "GET /assets/css/bootstrap.min.css" (uncaught exception) at E:\Project\stormpathsymfony\app\cache\prod\classes.php line 5121 [] []
[2013-02-08 06:54:37] request.ERROR: Symfony\Component\HttpKernel\Exception\NotFoundHttpException: No route found for "GET /assets/img/favicon.ico" (uncaught exception) at E:\Project\stormpathsymfony\app\cache\prod\classes.php line 5121 [] []
[2013-02-08 07:38:23] request.ERROR: Symfony\Component\HttpKernel\Exception\NotFoundHttpException: No route found for "GET /assets/css/bootstrap.min.css" (uncaught exception) at E:\Project\stormpathsymfony\app\cache\prod\classes.php line 5121 [] []
[2013-02-08 07:38:23] request.ERROR: Symfony\Component\HttpKernel\Exception\NotFoundHttpException: No route found for "GET /assets/js/bootstrap.min.js" (uncaught exception) at E:\Project\stormpathsymfony\app\cache\prod\classes.php line 5121 [] []
[2013-02-08 07:38:23] request.ERROR: Symfony\Component\HttpKernel\Exception\NotFoundHttpException: No route found for "GET /assets/img/favicon.ico" (uncaught exception) at E:\Project\stormpathsymfony\app\cache\prod\classes.php line 5121 [] []
[2013-02-08 07:43:19] request.ERROR: Symfony\Component\HttpKernel\Exception\NotFoundHttpException: No route found for "GET /assets/css/bootstrap.min.css" (uncaught exception) at E:\Project\stormpathsymfony\app\cache\prod\classes.php line 5121 [] []
[2013-02-08 07:43:19] request.ERROR: Symfony\Component\HttpKernel\Exception\NotFoundHttpException: No route found for "GET /assets/js/bootstrap.min.js" (uncaught exception) at E:\Project\stormpathsymfony\app\cache\prod\classes.php line 5121 [] []
[2013-02-08 07:59:18] request.ERROR: Symfony\Component\HttpKernel\Exception\NotFoundHttpException: No route found for "GET /assets/js/bootstrap.min.js" (uncaught exception) at E:\Project\stormpathsymfony\app\cache\prod\classes.php line 5121 [] []
[2013-02-08 07:59:18] request.ERROR: Symfony\Component\HttpKernel\Exception\NotFoundHttpException: No route found for "GET /assets/css/bootstrap.min.css" (uncaught exception) at E:\Project\stormpathsymfony\app\cache\prod\classes.php line 5121 [] []
[2013-02-08 07:59:18] request.ERROR: Symfony\Component\HttpKernel\Exception\NotFoundHttpException: No route found for "GET /assets/img/favicon.ico" (uncaught exception) at E:\Project\stormpathsymfony\app\cache\prod\classes.php line 5121 [] []
[2013-02-08 07:59:57] request.ERROR: Symfony\Component\HttpKernel\Exception\NotFoundHttpException: No route found for "GET /assets/js/bootstrap.min.js" (uncaught exception) at E:\Project\stormpathsymfony\app\cache\prod\classes.php line 5121 [] []
[2013-02-08 07:59:57] request.ERROR: Symfony\Component\HttpKernel\Exception\NotFoundHttpException: No route found for "GET /assets/css/bootstrap.min.css" (uncaught exception) at E:\Project\stormpathsymfony\app\cache\prod\classes.php line 5121 [] []
[2013-02-08 07:59:57] request.ERROR: Symfony\Component\HttpKernel\Exception\NotFoundHttpException: No route found for "GET /assets/img/favicon.ico" (uncaught exception) at E:\Project\stormpathsymfony\app\cache\prod\classes.php line 5121 [] []
[2013-02-08 08:01:22] request.ERROR: Symfony\Component\HttpKernel\Exception\NotFoundHttpException: No route found for "GET /assets/css/bootstrap.min.css" (uncaught exception) at E:\Project\stormpathsymfony\app\cache\prod\classes.php line 5121 [] []
[2013-02-08 08:01:22] request.ERROR: Symfony\Component\HttpKernel\Exception\NotFoundHttpException: No route found for "GET /assets/js/bootstrap.min.js" (uncaught exception) at E:\Project\stormpathsymfony\app\cache\prod\classes.php line 5121 [] []
[2013-02-08 08:01:22] request.ERROR: Symfony\Component\HttpKernel\Exception\NotFoundHttpException: No route found for "GET /assets/img/favicon.ico" (uncaught exception) at E:\Project\stormpathsymfony\app\cache\prod\classes.php line 5121 [] []
[2013-02-08 08:07:01] request.ERROR: Symfony\Component\HttpKernel\Exception\NotFoundHttpException: No route found for "GET /assets/css/bootstrap.min.css" (uncaught exception) at E:\Project\stormpathsymfony\app\cache\prod\classes.php line 5121 [] []
[2013-02-08 08:07:01] request.ERROR: Symfony\Component\HttpKernel\Exception\NotFoundHttpException: No route found for "GET /assets/js/bootstrap.min.js" (uncaught exception) at E:\Project\stormpathsymfony\app\cache\prod\classes.php line 5121 [] []
[2013-02-08 08:07:01] request.ERROR: Symfony\Component\HttpKernel\Exception\NotFoundHttpException: No route found for "GET /assets/img/favicon.ico" (uncaught exception) at E:\Project\stormpathsymfony\app\cache\prod\classes.php line 5121 [] []
[2013-02-08 08:07:08] request.ERROR: Symfony\Component\HttpKernel\Exception\NotFoundHttpException: No route found for "GET /assets/js/bootstrap.min.js" (uncaught exception) at E:\Project\stormpathsymfony\app\cache\prod\classes.php line 5121 [] []
[2013-02-08 08:07:08] request.ERROR: Symfony\Component\HttpKernel\Exception\NotFoundHttpException: No route found for "GET /assets/css/bootstrap.min.css" (uncaught exception) at E:\Project\stormpathsymfony\app\cache\prod\classes.php line 5121 [] []
[2013-02-08 08:07:08] request.ERROR: Symfony\Component\HttpKernel\Exception\NotFoundHttpException: No route found for "GET /assets/img/favicon.ico" (uncaught exception) at E:\Project\stormpathsymfony\app\cache\prod\classes.php line 5121 [] []
[2013-02-08 08:24:23] request.ERROR: Symfony\Component\HttpKernel\Exception\NotFoundHttpException: No route found for "GET /bundles/tooter/css" (uncaught exception) at E:\Project\stormpathsymfony\app\cache\prod\classes.php line 5121 [] []
[2013-02-08 08:24:55] request.ERROR: Symfony\Component\HttpKernel\Exception\NotFoundHttpException: No route found for "GET /bundles/tooter/assets/css" (uncaught exception) at E:\Project\stormpathsymfony\app\cache\prod\classes.php line 5121 [] []
[2013-02-08 08:25:17] request.ERROR: Symfony\Component\HttpKernel\Exception\NotFoundHttpException: No route found for "GET /bundles/tooter/assets/css/bootstrap.css" (uncaught exception) at E:\Project\stormpathsymfony\app\cache\prod\classes.php line 5121 [] []
[2013-02-08 08:25:24] request.ERROR: Symfony\Component\HttpKernel\Exception\NotFoundHttpException: No route found for "GET /bundles/stormpathtooter/assets/css/bootstrap.css" (uncaught exception) at E:\Project\stormpathsymfony\app\cache\prod\classes.php line 5121 [] []
[2013-02-08 08:26:15] request.ERROR: Symfony\Component\HttpKernel\Exception\NotFoundHttpException: No route found for "GET /bundles/tooter/assets/css/bootstrap.css" (uncaught exception) at E:\Project\stormpathsymfony\app\cache\prod\classes.php line 5121 [] []
[2013-02-08 08:39:24] request.ERROR: Symfony\Component\HttpKernel\Exception\NotFoundHttpException: No route found for "GET /assets/js/bootstrap.min.js" (uncaught exception) at E:\Project\stormpathsymfony\app\cache\prod\classes.php line 5121 [] []
[2013-02-08 08:39:25] request.ERROR: Symfony\Component\HttpKernel\Exception\NotFoundHttpException: No route found for "GET /assets/img/favicon.ico" (uncaught exception) at E:\Project\stormpathsymfony\app\cache\prod\classes.php line 5121 [] []
[2013-02-08 08:42:00] request.ERROR: Symfony\Component\HttpKernel\Exception\NotFoundHttpException: No route found for "GET /assets/js/bootstrap.min.js" (uncaught exception) at E:\Project\stormpathsymfony\app\cache\prod\classes.php line 5121 [] []
[2013-02-08 08:43:35] request.ERROR: Symfony\Component\HttpKernel\Exception\NotFoundHttpException: No route found for "GET /assets/js/bootstrap.min.js" (uncaught exception) at E:\Project\stormpathsymfony\app\cache\prod\classes.php line 5121 [] []
[2013-02-08 08:43:35] request.ERROR: Symfony\Component\HttpKernel\Exception\NotFoundHttpException: No route found for "GET /assets/css/bootstrap.min.css" (uncaught exception) at E:\Project\stormpathsymfony\app\cache\prod\classes.php line 5121 [] []
[2013-02-08 08:43:35] request.ERROR: Symfony\Component\HttpKernel\Exception\NotFoundHttpException: No route found for "GET /assets/img/favicon.ico" (uncaught exception) at E:\Project\stormpathsymfony\app\cache\prod\classes.php line 5121 [] []
[2013-02-08 08:46:39] request.ERROR: Symfony\Component\HttpKernel\Exception\NotFoundHttpException: No route found for "GET /assets/img/favicon.ico" (uncaught exception) at E:\Project\stormpathsymfony\app\cache\prod\classes.php line 5121 [] []
[2013-02-08 08:47:14] request.ERROR: Symfony\Component\HttpKernel\Exception\NotFoundHttpException: No route found for "GET /assets/img/favicon.ico" (uncaught exception) at E:\Project\stormpathsymfony\app\cache\prod\classes.php line 5121 [] []
[2013-02-08 08:47:16] request.ERROR: Symfony\Component\HttpKernel\Exception\NotFoundHttpException: No route found for "GET /assets/img/favicon.ico" (uncaught exception) at E:\Project\stormpathsymfony\app\cache\prod\classes.php line 5121 [] []
[2013-02-08 08:47:18] request.ERROR: Symfony\Component\HttpKernel\Exception\NotFoundHttpException: No route found for "GET /assets/js/bootstrap.min.js" (uncaught exception) at E:\Project\stormpathsymfony\app\cache\prod\classes.php line 5121 [] []
[2013-02-08 08:47:18] request.ERROR: Symfony\Component\HttpKernel\Exception\NotFoundHttpException: No route found for "GET /assets/css/bootstrap.min.css" (uncaught exception) at E:\Project\stormpathsymfony\app\cache\prod\classes.php line 5121 [] []
[2013-02-08 08:47:18] request.ERROR: Symfony\Component\HttpKernel\Exception\NotFoundHttpException: No route found for "GET /assets/img/favicon.ico" (uncaught exception) at E:\Project\stormpathsymfony\app\cache\prod\classes.php line 5121 [] []
[2013-02-08 08:49:02] request.ERROR: Symfony\Component\HttpKernel\Exception\NotFoundHttpException: No route found for "GET /assets/img/favicon.ico" (uncaught exception) at E:\Project\stormpathsymfony\app\cache\prod\classes.php line 5121 [] []
[2013-02-08 08:49:06] request.ERROR: Symfony\Component\HttpKernel\Exception\NotFoundHttpException: No route found for "GET /assets/img/favicon.ico" (uncaught exception) at E:\Project\stormpathsymfony\app\cache\prod\classes.php line 5121 [] []
[2013-02-08 08:49:08] request.ERROR: Symfony\Component\HttpKernel\Exception\NotFoundHttpException: No route found for "GET /assets/img/favicon.ico" (uncaught exception) at E:\Project\stormpathsymfony\app\cache\prod\classes.php line 5121 [] []
[2013-02-08 08:49:10] request.ERROR: Symfony\Component\HttpKernel\Exception\NotFoundHttpException: No route found for "GET /assets/img/favicon.ico" (uncaught exception) at E:\Project\stormpathsymfony\app\cache\prod\classes.php line 5121 [] []
[2013-02-08 08:49:12] request.ERROR: Symfony\Component\HttpKernel\Exception\NotFoundHttpException: No route found for "GET /assets/img/favicon.ico" (uncaught exception) at E:\Project\stormpathsymfony\app\cache\prod\classes.php line 5121 [] []
[2013-02-08 08:49:55] request.ERROR: Symfony\Component\HttpKernel\Exception\NotFoundHttpException: No route found for "GET /assets/img/favicon.ico" (uncaught exception) at E:\Project\stormpathsymfony\app\cache\prod\classes.php line 5121 [] []
[2013-02-08 08:49:57] request.ERROR: Symfony\Component\HttpKernel\Exception\NotFoundHttpException: No route found for "GET /assets/img/favicon.ico" (uncaught exception) at E:\Project\stormpathsymfony\app\cache\prod\classes.php line 5121 [] []
[2013-02-08 08:49:59] request.ERROR: Symfony\Component\HttpKernel\Exception\NotFoundHttpException: No route found for "GET /assets/img/favicon.ico" (uncaught exception) at E:\Project\stormpathsymfony\app\cache\prod\classes.php line 5121 [] []
[2013-02-08 08:50:01] request.ERROR: Symfony\Component\HttpKernel\Exception\NotFoundHttpException: No route found for "GET /assets/img/favicon.ico" (uncaught exception) at E:\Project\stormpathsymfony\app\cache\prod\classes.php line 5121 [] []
[2013-02-08 08:52:39] request.ERROR: Symfony\Component\HttpKernel\Exception\NotFoundHttpException: No route found for "GET /assets/img/favicon.ico" (uncaught exception) at E:\Project\stormpathsymfony\app\cache\prod\classes.php line 5121 [] []
[2013-02-08 09:04:03] request.ERROR: Symfony\Component\HttpKernel\Exception\NotFoundHttpException: No route found for "GET /assets/img/favicon.ico" (uncaught exception) at E:\Project\stormpathsymfony\app\cache\prod\classes.php line 5121 [] []
[2013-02-08 09:07:36] request.ERROR: Symfony\Component\HttpKernel\Exception\NotFoundHttpException: No route found for "GET /assets/css/bootstrap.min.css" (uncaught exception) at E:\Project\stormpathsymfony\app\cache\prod\classes.php line 5121 [] []
[2013-02-08 09:07:36] request.ERROR: Symfony\Component\HttpKernel\Exception\NotFoundHttpException: No route found for "GET /assets/js/bootstrap.min.js" (uncaught exception) at E:\Project\stormpathsymfony\app\cache\prod\classes.php line 5121 [] []
[2013-02-08 09:07:37] request.ERROR: Symfony\Component\HttpKernel\Exception\NotFoundHttpException: No route found for "GET /assets/img/favicon.ico" (uncaught exception) at E:\Project\stormpathsymfony\app\cache\prod\classes.php line 5121 [] []
[2013-02-08 09:08:47] request.ERROR: Symfony\Component\HttpKernel\Exception\NotFoundHttpException: No route found for "GET /assets/img/favicon.ico" (uncaught exception) at E:\Project\stormpathsymfony\app\cache\prod\classes.php line 5121 [] []
[2013-02-08 09:08:51] request.ERROR: Symfony\Component\HttpKernel\Exception\NotFoundHttpException: No route found for "GET /assets/img/favicon.ico" (uncaught exception) at E:\Project\stormpathsymfony\app\cache\prod\classes.php line 5121 [] []
[2013-02-08 09:13:22] request.ERROR: Symfony\Component\HttpKernel\Exception\NotFoundHttpException: No route found for "GET /assets/img/favicon.ico" (uncaught exception) at E:\Project\stormpathsymfony\app\cache\prod\classes.php line 5121 [] []
[2013-02-08 09:16:37] request.ERROR: Symfony\Component\HttpKernel\Exception\NotFoundHttpException: No route found for "GET /assets/img/favicon.ico" (uncaught exception) at E:\Project\stormpathsymfony\app\cache\prod\classes.php line 5121 [] []
[2013-02-08 09:16:42] request.ERROR: Symfony\Component\HttpKernel\Exception\NotFoundHttpException: No route found for "GET /assets/img/favicon.ico" (uncaught exception) at E:\Project\stormpathsymfony\app\cache\prod\classes.php line 5121 [] []
[2013-02-08 09:16:45] request.ERROR: Symfony\Component\HttpKernel\Exception\NotFoundHttpException: No route found for "GET /assets/img/favicon.ico" (uncaught exception) at E:\Project\stormpathsymfony\app\cache\prod\classes.php line 5121 [] []
[2013-02-08 09:16:51] request.ERROR: Symfony\Component\HttpKernel\Exception\NotFoundHttpException: No route found for "GET /assets/img/favicon.ico" (uncaught exception) at E:\Project\stormpathsymfony\app\cache\prod\classes.php line 5121 [] []
[2013-02-08 09:16:56] request.ERROR: Symfony\Component\HttpKernel\Exception\NotFoundHttpException: No route found for "GET /assets/img/favicon.ico" (uncaught exception) at E:\Project\stormpathsymfony\app\cache\prod\classes.php line 5121 [] []
[2013-02-08 09:16:58] request.ERROR: Symfony\Component\HttpKernel\Exception\NotFoundHttpException: No route found for "GET /assets/img/favicon.ico" (uncaught exception) at E:\Project\stormpathsymfony\app\cache\prod\classes.php line 5121 [] []
[2013-02-08 09:17:01] request.ERROR: Symfony\Component\HttpKernel\Exception\NotFoundHttpException: No route found for "GET /assets/img/favicon.ico" (uncaught exception) at E:\Project\stormpathsymfony\app\cache\prod\classes.php line 5121 [] []
[2013-02-08 09:17:03] request.ERROR: Symfony\Component\HttpKernel\Exception\NotFoundHttpException: No route found for "GET /assets/img/favicon.ico" (uncaught exception) at E:\Project\stormpathsymfony\app\cache\prod\classes.php line 5121 [] []
[2013-02-08 09:42:47] request.ERROR: Symfony\Component\HttpKernel\Exception\NotFoundHttpException: No route found for "GET /assets/img/favicon.ico" (uncaught exception) at E:\Project\stormpathsymfony\app\cache\prod\classes.php line 5121 [] []
[2013-02-08 09:42:58] request.ERROR: Symfony\Component\HttpKernel\Exception\NotFoundHttpException: No route found for "GET /assets/img/favicon.ico" (uncaught exception) at E:\Project\stormpathsymfony\app\cache\prod\classes.php line 5121 [] []
[2013-02-08 09:52:51] request.ERROR: Symfony\Component\HttpKernel\Exception\NotFoundHttpException: No route found for "GET /assets/img/favicon.ico" (uncaught exception) at E:\Project\stormpathsymfony\app\cache\prod\classes.php line 5121 [] []
[2013-02-08 09:53:42] request.ERROR: Symfony\Component\HttpKernel\Exception\NotFoundHttpException: No route found for "GET /assets/img/favicon.ico" (uncaught exception) at E:\Project\stormpathsymfony\app\cache\prod\classes.php line 5121 [] []
[2013-02-08 09:54:13] request.ERROR: Symfony\Component\HttpKernel\Exception\NotFoundHttpException: No route found for "GET /assets/img/favicon.ico" (uncaught exception) at E:\Project\stormpathsymfony\app\cache\prod\classes.php line 5121 [] []
[2013-02-08 09:55:01] request.ERROR: Symfony\Component\HttpKernel\Exception\NotFoundHttpException: No route found for "GET /assets/img/favicon.ico" (uncaught exception) at E:\Project\stormpathsymfony\app\cache\prod\classes.php line 5121 [] []
[2013-02-08 09:59:18] request.ERROR: Symfony\Component\HttpKernel\Exception\NotFoundHttpException: No route found for "GET /assets/img/favicon.ico" (uncaught exception) at E:\Project\stormpathsymfony\app\cache\prod\classes.php line 5121 [] []
[2013-02-08 09:59:29] request.ERROR: Symfony\Component\HttpKernel\Exception\NotFoundHttpException: No route found for "GET /assets/img/favicon.ico" (uncaught exception) at E:\Project\stormpathsymfony\app\cache\prod\classes.php line 5121 [] []
[2013-02-08 09:59:43] request.ERROR: Symfony\Component\HttpKernel\Exception\NotFoundHttpException: No route found for "GET /assets/img/favicon.ico" (uncaught exception) at E:\Project\stormpathsymfony\app\cache\prod\classes.php line 5121 [] []
[2013-02-08 10:00:54] request.ERROR: Symfony\Component\HttpKernel\Exception\NotFoundHttpException: No route found for "GET /assets/img/favicon.ico" (uncaught exception) at E:\Project\stormpathsymfony\app\cache\prod\classes.php line 5121 [] []
[2013-02-08 10:01:07] request.ERROR: Symfony\Component\HttpKernel\Exception\NotFoundHttpException: No route found for "GET /assets/img/favicon.ico" (uncaught exception) at E:\Project\stormpathsymfony\app\cache\prod\classes.php line 5121 [] []
[2013-02-08 10:07:38] request.ERROR: Symfony\Component\HttpKernel\Exception\NotFoundHttpException: No route found for "GET /assets/img/favicon.ico" (uncaught exception) at E:\Project\stormpathsymfony\app\cache\prod\classes.php line 5121 [] []
[2013-02-08 10:07:52] request.ERROR: Symfony\Component\HttpKernel\Exception\NotFoundHttpException: No route found for "GET /assets/img/favicon.ico" (uncaught exception) at E:\Project\stormpathsymfony\app\cache\prod\classes.php line 5121 [] []
[2013-02-08 10:09:23] request.ERROR: Symfony\Component\HttpKernel\Exception\NotFoundHttpException: No route found for "GET /assets/img/favicon.ico" (uncaught exception) at E:\Project\stormpathsymfony\app\cache\prod\classes.php line 5121 [] []
[2013-02-08 10:09:44] request.ERROR: Symfony\Component\HttpKernel\Exception\NotFoundHttpException: No route found for "GET /assets/img/favicon.ico" (uncaught exception) at E:\Project\stormpathsymfony\app\cache\prod\classes.php line 5121 [] []
[2013-02-08 10:09:53] request.ERROR: Symfony\Component\HttpKernel\Exception\NotFoundHttpException: No route found for "GET /assets/img/favicon.ico" (uncaught exception) at E:\Project\stormpathsymfony\app\cache\prod\classes.php line 5121 [] []
[2013-02-08 10:10:00] request.ERROR: Symfony\Component\HttpKernel\Exception\NotFoundHttpException: No route found for "GET /assets/img/favicon.ico" (uncaught exception) at E:\Project\stormpathsymfony\app\cache\prod\classes.php line 5121 [] []
[2013-02-08 10:10:10] request.ERROR: Symfony\Component\HttpKernel\Exception\NotFoundHttpException: No route found for "GET /assets/img/favicon.ico" (uncaught exception) at E:\Project\stormpathsymfony\app\cache\prod\classes.php line 5121 [] []
[2013-02-08 10:14:08] request.ERROR: Symfony\Component\HttpKernel\Exception\NotFoundHttpException: No route found for "GET /assets/img/favicon.ico" (uncaught exception) at E:\Project\stormpathsymfony\app\cache\prod\classes.php line 5121 [] []
[2013-02-08 10:15:45] request.ERROR: Symfony\Component\HttpKernel\Exception\NotFoundHttpException: No route found for "GET /assets/img/favicon.ico" (uncaught exception) at E:\Project\stormpathsymfony\app\cache\prod\classes.php line 5121 [] []
[2013-02-08 10:16:23] request.ERROR: Symfony\Component\HttpKernel\Exception\NotFoundHttpException: No route found for "GET /assets/img/favicon.ico" (uncaught exception) at E:\Project\stormpathsymfony\app\cache\prod\classes.php line 5121 [] []
[2013-02-08 10:16:31] request.ERROR: Symfony\Component\HttpKernel\Exception\NotFoundHttpException: No route found for "GET /assets/img/favicon.ico" (uncaught exception) at E:\Project\stormpathsymfony\app\cache\prod\classes.php line 5121 [] []
[2013-02-08 10:16:55] request.ERROR: Symfony\Component\HttpKernel\Exception\NotFoundHttpException: No route found for "GET /assets/img/favicon.ico" (uncaught exception) at E:\Project\stormpathsymfony\app\cache\prod\classes.php line 5121 [] []
[2013-02-08 10:17:02] request.ERROR: Symfony\Component\HttpKernel\Exception\NotFoundHttpException: No route found for "GET /assets/img/favicon.ico" (uncaught exception) at E:\Project\stormpathsymfony\app\cache\prod\classes.php line 5121 [] []
[2013-02-08 10:20:25] request.ERROR: Symfony\Component\HttpKernel\Exception\NotFoundHttpException: No route found for "GET /assets/img/favicon.ico" (uncaught exception) at E:\Project\stormpathsymfony\app\cache\prod\classes.php line 5121 [] []
[2013-02-08 10:20:47] request.ERROR: Symfony\Component\HttpKernel\Exception\NotFoundHttpException: No route found for "GET /assets/img/favicon.ico" (uncaught exception) at E:\Project\stormpathsymfony\app\cache\prod\classes.php line 5121 [] []
[2013-02-08 10:22:13] request.ERROR: Symfony\Component\HttpKernel\Exception\NotFoundHttpException: No route found for "GET /assets/img/favicon.ico" (uncaught exception) at E:\Project\stormpathsymfony\app\cache\prod\classes.php line 5121 [] []
[2013-02-08 10:22:23] request.ERROR: Symfony\Component\HttpKernel\Exception\NotFoundHttpException: No route found for "GET /assets/img/favicon.ico" (uncaught exception) at E:\Project\stormpathsymfony\app\cache\prod\classes.php line 5121 [] []
[2013-02-08 10:28:53] request.ERROR: Symfony\Component\HttpKernel\Exception\NotFoundHttpException: No route found for "GET /assets/img/favicon.ico" (uncaught exception) at E:\Project\stormpathsymfony\app\cache\prod\classes.php line 5121 [] []
[2013-02-08 10:29:20] request.ERROR: Symfony\Component\HttpKernel\Exception\NotFoundHttpException: No route found for "GET /assets/img/favicon.ico" (uncaught exception) at E:\Project\stormpathsymfony\app\cache\prod\classes.php line 5121 [] []
[2013-02-08 10:29:52] request.ERROR: Symfony\Component\HttpKernel\Exception\NotFoundHttpException: No route found for "GET /assets/img/favicon.ico" (uncaught exception) at E:\Project\stormpathsymfony\app\cache\prod\classes.php line 5121 [] []
[2013-02-08 10:29:54] request.ERROR: Symfony\Component\HttpKernel\Exception\NotFoundHttpException: No route found for "GET /assets/img/favicon.ico" (uncaught exception) at E:\Project\stormpathsymfony\app\cache\prod\classes.php line 5121 [] []
[2013-02-08 10:29:59] request.ERROR: Symfony\Component\HttpKernel\Exception\NotFoundHttpException: No route found for "GET /assets/img/favicon.ico" (uncaught exception) at E:\Project\stormpathsymfony\app\cache\prod\classes.php line 5121 [] []
[2013-02-08 10:31:01] request.ERROR: Symfony\Component\HttpKernel\Exception\NotFoundHttpException: No route found for "GET /assets/img/favicon.ico" (uncaught exception) at E:\Project\stormpathsymfony\app\cache\prod\classes.php line 5121 [] []
[2013-02-08 10:31:14] request.ERROR: Symfony\Component\HttpKernel\Exception\NotFoundHttpException: No route found for "GET /assets/img/favicon.ico" (uncaught exception) at E:\Project\stormpathsymfony\app\cache\prod\classes.php line 5121 [] []
[2013-02-08 10:31:17] request.ERROR: Symfony\Component\HttpKernel\Exception\NotFoundHttpException: No route found for "GET /assets/img/favicon.ico" (uncaught exception) at E:\Project\stormpathsymfony\app\cache\prod\classes.php line 5121 [] []
[2013-02-08 10:32:22] request.ERROR: Symfony\Component\HttpKernel\Exception\NotFoundHttpException: No route found for "GET /assets/img/favicon.ico" (uncaught exception) at E:\Project\stormpathsymfony\app\cache\prod\classes.php line 5121 [] []
[2013-02-08 10:32:52] request.ERROR: Symfony\Component\HttpKernel\Exception\NotFoundHttpException: No route found for "GET /assets/img/favicon.ico" (uncaught exception) at E:\Project\stormpathsymfony\app\cache\prod\classes.php line 5121 [] []
[2013-02-08 10:32:59] request.ERROR: Symfony\Component\HttpKernel\Exception\NotFoundHttpException: No route found for "GET /assets/img/favicon.ico" (uncaught exception) at E:\Project\stormpathsymfony\app\cache\prod\classes.php line 5121 [] []
[2013-02-08 10:34:23] request.ERROR: Symfony\Component\HttpKernel\Exception\NotFoundHttpException: No route found for "GET /assets/img/favicon.ico" (uncaught exception) at E:\Project\stormpathsymfony\app\cache\prod\classes.php line 5121 [] []
[2013-02-08 10:34:28] request.ERROR: Symfony\Component\HttpKernel\Exception\NotFoundHttpException: No route found for "GET /assets/img/favicon.ico" (uncaught exception) at E:\Project\stormpathsymfony\app\cache\prod\classes.php line 5121 [] []
[2013-02-08 10:34:33] request.ERROR: Symfony\Component\HttpKernel\Exception\NotFoundHttpException: No route found for "GET /assets/img/favicon.ico" (uncaught exception) at E:\Project\stormpathsymfony\app\cache\prod\classes.php line 5121 [] []
[2013-02-08 10:34:58] request.ERROR: Symfony\Component\HttpKernel\Exception\NotFoundHttpException: No route found for "GET /assets/img/favicon.ico" (uncaught exception) at E:\Project\stormpathsymfony\app\cache\prod\classes.php line 5121 [] []
[2013-02-08 10:35:04] request.ERROR: Symfony\Component\HttpKernel\Exception\NotFoundHttpException: No route found for "GET /assets/img/favicon.ico" (uncaught exception) at E:\Project\stormpathsymfony\app\cache\prod\classes.php line 5121 [] []
[2013-02-08 10:37:35] request.ERROR: Symfony\Component\HttpKernel\Exception\NotFoundHttpException: No route found for "GET /assets/img/favicon.ico" (uncaught exception) at E:\Project\stormpathsymfony\app\cache\prod\classes.php line 5121 [] []
[2013-02-08 10:46:24] request.ERROR: Symfony\Component\HttpKernel\Exception\NotFoundHttpException: No route found for "GET /assets/img/favicon.ico" (uncaught exception) at E:\Project\stormpathsymfony\app\cache\prod\classes.php line 5121 [] []
[2013-02-08 10:49:23] request.ERROR: Symfony\Component\HttpKernel\Exception\NotFoundHttpException: No route found for "GET /assets/img/favicon.ico" (uncaught exception) at E:\Project\stormpathsymfony\app\cache\prod\classes.php line 5121 [] []
[2013-02-08 10:50:17] request.ERROR: Symfony\Component\HttpKernel\Exception\NotFoundHttpException: No route found for "GET /assets/img/favicon.ico" (uncaught exception) at E:\Project\stormpathsymfony\app\cache\prod\classes.php line 5121 [] []
[2013-02-08 10:50:30] request.ERROR: Symfony\Component\HttpKernel\Exception\NotFoundHttpException: No route found for "GET /assets/img/favicon.ico" (uncaught exception) at E:\Project\stormpathsymfony\app\cache\prod\classes.php line 5121 [] []
[2013-02-08 10:50:43] request.ERROR: Symfony\Component\HttpKernel\Exception\NotFoundHttpException: No route found for "GET /assets/img/favicon.ico" (uncaught exception) at E:\Project\stormpathsymfony\app\cache\prod\classes.php line 5121 [] []
[2013-02-08 10:55:14] request.ERROR: Symfony\Component\HttpKernel\Exception\NotFoundHttpException: No route found for "GET /assets/img/favicon.ico" (uncaught exception) at E:\Project\stormpathsymfony\app\cache\prod\classes.php line 5121 [] []
[2013-02-08 10:55:18] request.ERROR: Symfony\Component\HttpKernel\Exception\NotFoundHttpException: No route found for "GET /assets/img/favicon.ico" (uncaught exception) at E:\Project\stormpathsymfony\app\cache\prod\classes.php line 5121 [] []
[2013-02-08 10:55:22] request.ERROR: Symfony\Component\HttpKernel\Exception\NotFoundHttpException: No route found for "GET /assets/img/favicon.ico" (uncaught exception) at E:\Project\stormpathsymfony\app\cache\prod\classes.php line 5121 [] []
[2013-02-08 10:55:28] request.ERROR: Symfony\Component\HttpKernel\Exception\NotFoundHttpException: No route found for "GET /assets/img/favicon.ico" (uncaught exception) at E:\Project\stormpathsymfony\app\cache\prod\classes.php line 5121 [] []
[2013-02-08 10:55:59] request.ERROR: Symfony\Component\HttpKernel\Exception\NotFoundHttpException: No route found for "GET /assets/img/favicon.ico" (uncaught exception) at E:\Project\stormpathsymfony\app\cache\prod\classes.php line 5121 [] []
[2013-02-08 10:56:04] request.ERROR: Symfony\Component\HttpKernel\Exception\NotFoundHttpException: No route found for "GET /assets/img/favicon.ico" (uncaught exception) at E:\Project\stormpathsymfony\app\cache\prod\classes.php line 5121 [] []
[2013-02-08 10:56:15] request.ERROR: Symfony\Component\HttpKernel\Exception\NotFoundHttpException: No route found for "GET /assets/img/favicon.ico" (uncaught exception) at E:\Project\stormpathsymfony\app\cache\prod\classes.php line 5121 [] []
[2013-02-08 10:56:46] request.ERROR: Symfony\Component\HttpKernel\Exception\NotFoundHttpException: No route found for "GET /assets/img/favicon.ico" (uncaught exception) at E:\Project\stormpathsymfony\app\cache\prod\classes.php line 5121 [] []
[2013-02-08 10:56:56] request.ERROR: Symfony\Component\HttpKernel\Exception\NotFoundHttpException: No route found for "GET /assets/img/favicon.ico" (uncaught exception) at E:\Project\stormpathsymfony\app\cache\prod\classes.php line 5121 [] []
[2013-02-08 10:56:58] request.ERROR: Symfony\Component\HttpKernel\Exception\NotFoundHttpException: No route found for "GET /assets/img/favicon.ico" (uncaught exception) at E:\Project\stormpathsymfony\app\cache\prod\classes.php line 5121 [] []
[2013-02-08 10:57:20] request.ERROR: Symfony\Component\HttpKernel\Exception\NotFoundHttpException: No route found for "GET /assets/img/favicon.ico" (uncaught exception) at E:\Project\stormpathsymfony\app\cache\prod\classes.php line 5121 [] []
[2013-02-08 10:57:50] request.ERROR: Symfony\Component\HttpKernel\Exception\NotFoundHttpException: No route found for "GET /assets/img/favicon.ico" (uncaught exception) at E:\Project\stormpathsymfony\app\cache\prod\classes.php line 5121 [] []
[2013-02-08 10:57:52] request.ERROR: Symfony\Component\HttpKernel\Exception\NotFoundHttpException: No route found for "GET /assets/img/favicon.ico" (uncaught exception) at E:\Project\stormpathsymfony\app\cache\prod\classes.php line 5121 [] []
[2013-02-08 10:58:06] request.ERROR: Symfony\Component\HttpKernel\Exception\NotFoundHttpException: No route found for "GET /assets/img/favicon.ico" (uncaught exception) at E:\Project\stormpathsymfony\app\cache\prod\classes.php line 5121 [] []
[2013-02-08 10:58:59] request.ERROR: Symfony\Component\HttpKernel\Exception\NotFoundHttpException: No route found for "GET /assets/img/favicon.ico" (uncaught exception) at E:\Project\stormpathsymfony\app\cache\prod\classes.php line 5121 [] []
[2013-02-08 10:59:46] request.ERROR: Symfony\Component\HttpKernel\Exception\NotFoundHttpException: No route found for "GET /assets/img/favicon.ico" (uncaught exception) at E:\Project\stormpathsymfony\app\cache\prod\classes.php line 5121 [] []
[2013-02-08 11:03:13] request.ERROR: Symfony\Component\HttpKernel\Exception\NotFoundHttpException: No route found for "GET /login" (uncaught exception) at E:\Project\stormpathsymfony\app\cache\prod\classes.php line 5121 [] []
[2013-02-08 11:03:23] request.ERROR: Symfony\Component\HttpKernel\Exception\NotFoundHttpException: No route found for "GET /assets/img/favicon.ico" (uncaught exception) at E:\Project\stormpathsymfony\app\cache\prod\classes.php line 5121 [] []
[2013-02-08 11:05:04] request.ERROR: Symfony\Component\HttpKernel\Exception\NotFoundHttpException: No route found for "GET /" (uncaught exception) at E:\Project\stormpathsymfony\app\cache\prod\classes.php line 5121 [] []
